
2022-12-28 19:30:32 DEBUG TelegramBot:34 - О
2022-12-28 19:30:32 DEBUG TelegramBot:34 - Овлвлв
2022-12-28 19:30:33 DEBUG TelegramBot:34 - 
2022-12-28 19:33:13 DEBUG UpdateProducer:12 - О
2022-12-28 19:33:23 DEBUG UpdateProducer:12 - 
2023-01-02 16:37:31 DEBUG UpdateProducer:19 - О
2023-01-02 16:39:18 DEBUG UpdateProducer:19 - Hello
2023-01-02 16:42:27 DEBUG UpdateProducer:19 - Hello1
2023-01-02 18:33:39 DEBUG UpdateProducer:19 - Hi
2023-01-02 18:52:59 DEBUG UpdateProducer:19 - 
2023-01-02 18:53:06 DEBUG UpdateProducer:19 - Get
2023-01-02 19:02:49 DEBUG UpdateProducer:19 - Hello
2023-01-02 19:04:23 DEBUG UpdateProducer:19 - Ggg
2023-01-02 19:06:12 DEBUG UpdateProducer:19 - J
2023-01-02 19:07:11 DEBUG UpdateProducer:19 - J
2023-01-02 19:08:36 DEBUG UpdateProducer:19 - H
2023-01-02 19:26:57 DEBUG UpdateProducer:19 - Tt
2023-01-02 21:19:06 DEBUG UpdateProducer:19 - H
2023-01-02 21:19:16 DEBUG UpdateProducer:19 - G
2023-01-02 21:19:19 DEBUG UpdateProducer:19 - Gg
2023-01-02 21:20:51 DEBUG UpdateProducer:19 - Ааа
2023-01-02 21:21:04 DEBUG UpdateProducer:19 - 
2023-01-02 21:23:51 DEBUG UpdateProducer:19 - /start
